<?xml version="1.0" encoding="UTF-8"?>
<!-- Generated by org.testng.reporters.JUnitReportReporter -->
<testsuite hostname="RAYAN" failures="0" tests="1" name="Mango_TestRunner.Mango_TestRunner" time="19.274" errors="0" timestamp="2023-10-08T21:48:21 EDT" skipped="0">
  <testcase classname="Mango_TestRunner.Mango_TestRunner" name="feature" time="19.274"/>
</testsuite> <!-- Mango_TestRunner.Mango_TestRunner -->
